4/24/2025, 7:08:52 PM GMT-3 0: 

----------------------------------------------
4/24/2025, 7:08:52 PM GMT-3 1: Discord starting: {"releaseChannel":"stable","version":"0.0.92"}, modulepath: /home/enzo/.config/discord/0.0.92/modules
4/24/2025, 7:08:52 PM GMT-3 2: ✅ webContents.created web1 ""
4/24/2025, 7:08:52 PM GMT-3 3: ✅ window.created win1 "discord"
4/24/2025, 7:08:52 PM GMT-3 4: ✅ webContents.did-finish-load web1
4/24/2025, 7:09:01 PM GMT-3 5: ✅ webContents.created web2 ""
4/24/2025, 7:09:01 PM GMT-3 6: ✅ window.created win2 "Discord"
4/24/2025, 7:09:04 PM GMT-3 7: ✅ webContents.did-finish-load web2
4/24/2025, 7:09:04 PM GMT-3 8: window.close win1
4/24/2025, 7:09:04 PM GMT-3 9: webContents.destroyed web1
4/24/2025, 7:09:04 PM GMT-3 10: window.closed win1
4/24/2025, 7:09:55 PM GMT-3 11: window.close win2
4/25/2025, 10:15:51 PM GMT-3 0: 

----------------------------------------------
4/25/2025, 10:15:51 PM GMT-3 1: Discord starting: {"releaseChannel":"stable","version":"0.0.92"}, modulepath: /home/enzo/.config/discord/0.0.92/modules
4/25/2025, 10:15:51 PM GMT-3 2: ✅ webContents.created web1 ""
4/25/2025, 10:15:51 PM GMT-3 3: ✅ window.created win1 "discord"
4/25/2025, 10:15:51 PM GMT-3 4: ✅ webContents.did-finish-load web1
4/25/2025, 10:15:53 PM GMT-3 5: ✅ webContents.created web2 ""
4/25/2025, 10:15:53 PM GMT-3 6: ✅ window.created win2 "Discord"
4/25/2025, 10:16:04 PM GMT-3 7: ✅ webContents.did-finish-load web2
4/25/2025, 10:16:04 PM GMT-3 8: window.close win1
4/25/2025, 10:16:04 PM GMT-3 9: webContents.destroyed web1
4/25/2025, 10:16:04 PM GMT-3 10: window.closed win1
4/25/2025, 10:16:13 PM GMT-3 11: window.close win2
4/25/2025, 11:04:32 PM GMT-3 0: 

----------------------------------------------
4/25/2025, 11:04:32 PM GMT-3 1: Discord starting: {"releaseChannel":"stable","version":"0.0.92"}, modulepath: /home/enzo/.config/discord/0.0.92/modules
4/25/2025, 11:04:32 PM GMT-3 2: ✅ webContents.created web1 ""
4/25/2025, 11:04:32 PM GMT-3 3: ✅ window.created win1 "discord"
4/25/2025, 11:04:32 PM GMT-3 4: ✅ webContents.did-finish-load web1
4/25/2025, 11:04:34 PM GMT-3 5: window.close win1
