2025-04-25 09:01:40.489 [info] Extension host with pid 2187 started
2025-04-25 09:01:40.506 [info] ExtensionService#_doActivateExtension vscode.git-base, startup: true, activationEvent: '*', root cause: vscode.git
2025-04-25 09:01:40.516 [info] ExtensionService#_doActivateExtension vscode.git, startup: true, activationEvent: '*'
2025-04-25 09:01:40.550 [info] ExtensionService#_doActivateExtension vscode.github, startup: true, activationEvent: '*'
2025-04-25 09:01:40.600 [info] Eager extensions activated
2025-04-25 09:01:40.606 [info] ExtensionService#_doActivateExtension vscode.debug-auto-launch, startup: false, activationEvent: 'onStartupFinished'
2025-04-25 09:01:40.609 [info] ExtensionService#_doActivateExtension vscode.merge-conflict, startup: false, activationEvent: 'onStartupFinished'
2025-04-25 09:02:37.010 [info] Extension host terminating: renderer closed the MessagePort
2025-04-25 09:02:37.014 [info] Extension host with pid 2187 exiting with code 0
2025-04-25 09:02:37.625 [info] Extension host with pid 2242 started
2025-04-25 09:02:37.625 [info] ExtensionService#_doActivateExtension vscode.git-base, startup: false, activationEvent: '*', root cause: vscode.git
2025-04-25 09:02:37.631 [info] ExtensionService#_doActivateExtension vscode.git, startup: false, activationEvent: '*'
2025-04-25 09:02:37.679 [info] ExtensionService#_doActivateExtension vscode.github, startup: false, activationEvent: '*'
2025-04-25 09:02:37.744 [info] Eager extensions activated
2025-04-25 09:02:37.751 [info] ExtensionService#_doActivateExtension vscode.debug-auto-launch, startup: false, activationEvent: 'onStartupFinished'
2025-04-25 09:02:37.753 [info] ExtensionService#_doActivateExtension vscode.merge-conflict, startup: false, activationEvent: 'onStartupFinished'
2025-04-25 09:06:27.291 [info] Extension host terminating: renderer closed the MessagePort
2025-04-25 09:06:27.295 [info] Extension host with pid 2242 exiting with code 0
2025-04-25 09:06:27.891 [info] Extension host with pid 2792 started
2025-04-25 09:06:27.892 [info] ExtensionService#_doActivateExtension vscode.git-base, startup: false, activationEvent: '*', root cause: vscode.git
2025-04-25 09:06:27.898 [info] ExtensionService#_doActivateExtension vscode.git, startup: false, activationEvent: '*'
2025-04-25 09:06:27.947 [info] ExtensionService#_doActivateExtension vscode.github, startup: false, activationEvent: '*'
2025-04-25 09:06:28.015 [info] Eager extensions activated
2025-04-25 09:06:28.026 [info] ExtensionService#_doActivateExtension vscode.debug-auto-launch, startup: false, activationEvent: 'onStartupFinished'
2025-04-25 09:06:28.029 [info] ExtensionService#_doActivateExtension vscode.merge-conflict, startup: false, activationEvent: 'onStartupFinished'
2025-04-25 09:09:08.623 [info] ExtensionService#_doActivateExtension vscode.emmet, startup: false, activationEvent: 'onLanguage'
2025-04-25 09:11:13.028 [info] Extension host terminating: renderer closed the MessagePort
2025-04-25 09:11:13.033 [info] Extension host with pid 2792 exiting with code 0
2025-04-25 09:11:14.148 [info] Extension host with pid 3166 started
2025-04-25 09:11:14.148 [info] Skipping acquiring lock for /home/enzo/.config/Code - OSS/User/workspaceStorage/535642e9e9885fe5c160a65449a3ccf7.
2025-04-25 09:11:14.239 [info] ExtensionService#_doActivateExtension vscode.git-base, startup: true, activationEvent: '*'
2025-04-25 09:11:14.249 [info] ExtensionService#_doActivateExtension vscode.github, startup: true, activationEvent: '*'
2025-04-25 09:11:14.271 [info] Eager extensions activated
2025-04-25 09:11:14.272 [info] ExtensionService#_doActivateExtension vscode.debug-auto-launch, startup: false, activationEvent: 'onStartupFinished'
2025-04-25 09:11:14.273 [info] ExtensionService#_doActivateExtension vscode.merge-conflict, startup: false, activationEvent: 'onStartupFinished'
2025-04-25 09:11:33.709 [info] ExtensionService#_doActivateExtension vscode.emmet, startup: false, activationEvent: 'onLanguage'
2025-04-25 09:11:46.524 [info] ExtensionService#_doActivateExtension vscode.git, startup: false, activationEvent: 'api', root cause: vscode.github
2025-04-25 09:13:13.259 [info] Extension host terminating: renderer closed the MessagePort
2025-04-25 09:13:13.264 [info] Extension host with pid 3166 exiting with code 0
2025-04-25 09:13:14.370 [info] Extension host with pid 3560 started
2025-04-25 09:13:14.381 [info] ExtensionService#_doActivateExtension vscode.git-base, startup: true, activationEvent: '*', root cause: vscode.git
2025-04-25 09:13:14.398 [info] ExtensionService#_doActivateExtension vscode.git, startup: true, activationEvent: '*'
2025-04-25 09:13:14.438 [info] ExtensionService#_doActivateExtension vscode.github, startup: true, activationEvent: '*'
2025-04-25 09:13:14.489 [info] Eager extensions activated
2025-04-25 09:13:14.497 [info] ExtensionService#_doActivateExtension vscode.debug-auto-launch, startup: false, activationEvent: 'onStartupFinished'
2025-04-25 09:13:14.499 [info] ExtensionService#_doActivateExtension vscode.merge-conflict, startup: false, activationEvent: 'onStartupFinished'
2025-04-25 09:13:22.959 [info] Extension host terminating: renderer closed the MessagePort
2025-04-25 09:13:22.965 [info] Extension host with pid 3560 exiting with code 0
2025-04-25 09:13:24.114 [info] Extension host with pid 3600 started
2025-04-25 09:13:24.114 [info] Skipping acquiring lock for /home/enzo/.config/Code - OSS/User/workspaceStorage/535642e9e9885fe5c160a65449a3ccf7.
2025-04-25 09:13:24.150 [info] ExtensionService#_doActivateExtension vscode.emmet, startup: false, activationEvent: 'onLanguage'
2025-04-25 09:13:24.202 [info] ExtensionService#_doActivateExtension vscode.git-base, startup: true, activationEvent: '*', root cause: vscode.git
2025-04-25 09:13:24.209 [info] ExtensionService#_doActivateExtension vscode.git, startup: true, activationEvent: '*'
2025-04-25 09:13:24.257 [info] ExtensionService#_doActivateExtension vscode.github, startup: true, activationEvent: '*'
2025-04-25 09:13:24.313 [info] Eager extensions activated
2025-04-25 09:13:24.330 [info] ExtensionService#_doActivateExtension vscode.debug-auto-launch, startup: false, activationEvent: 'onStartupFinished'
2025-04-25 09:13:24.332 [info] ExtensionService#_doActivateExtension vscode.merge-conflict, startup: false, activationEvent: 'onStartupFinished'
2025-04-25 09:13:50.658 [info] ExtensionService#_doActivateExtension vscode.npm, startup: false, activationEvent: 'onTerminalQuickFixRequest:ms-vscode.npm-command'
