2025-04-25 09:01:40.625 [info] [main] Log level: Info
2025-04-25 09:01:40.625 [info] [main] Validating found git in: "git"
2025-04-25 09:01:40.625 [info] [main] Using git "2.49.0" from "git"
2025-04-25 09:01:40.625 [info] [Model][doInitialScan] Initial repository scan started
2025-04-25 09:01:40.625 [info] [Model][doInitialScan] Initial repository scan completed - repositories (0), closed repositories (0), parent repositories (0), unsafe repositories (0)
2025-04-25 09:02:37.772 [info] [main] Log level: Info
2025-04-25 09:02:37.772 [info] [main] Validating found git in: "git"
2025-04-25 09:02:37.772 [info] [main] Using git "2.49.0" from "git"
2025-04-25 09:02:37.772 [info] [Model][doInitialScan] Initial repository scan started
2025-04-25 09:02:37.772 [info] [Model][doInitialScan] Initial repository scan completed - repositories (0), closed repositories (0), parent repositories (0), unsafe repositories (0)
2025-04-25 09:06:28.049 [info] [main] Log level: Info
2025-04-25 09:06:28.049 [info] [main] Validating found git in: "git"
2025-04-25 09:06:28.049 [info] [main] Using git "2.49.0" from "git"
2025-04-25 09:06:28.049 [info] [Model][doInitialScan] Initial repository scan started
2025-04-25 09:06:28.049 [info] [Model][doInitialScan] Initial repository scan completed - repositories (0), closed repositories (0), parent repositories (0), unsafe repositories (0)
2025-04-25 09:11:46.638 [info] [main] Log level: Info
2025-04-25 09:11:46.638 [info] [main] Validating found git in: "git"
2025-04-25 09:11:46.638 [info] [main] Using git "2.49.0" from "git"
2025-04-25 09:11:46.638 [info] [Model][doInitialScan] Initial repository scan started
2025-04-25 09:11:46.657 [info] > git rev-parse --show-toplevel [27ms]
2025-04-25 09:11:46.657 [info] fatal: not a git repository (or any of the parent directories): .git
2025-04-25 09:11:46.658 [info] [Model][doInitialScan] Initial repository scan completed - repositories (0), closed repositories (0), parent repositories (0), unsafe repositories (0)
2025-04-25 09:13:14.512 [info] [main] Log level: Info
2025-04-25 09:13:14.512 [info] [main] Validating found git in: "git"
2025-04-25 09:13:14.512 [info] [main] Using git "2.49.0" from "git"
2025-04-25 09:13:14.512 [info] [Model][doInitialScan] Initial repository scan started
2025-04-25 09:13:14.512 [info] [Model][doInitialScan] Initial repository scan completed - repositories (0), closed repositories (0), parent repositories (0), unsafe repositories (0)
2025-04-25 09:13:24.356 [info] [main] Log level: Info
2025-04-25 09:13:24.356 [info] [main] Validating found git in: "git"
2025-04-25 09:13:24.356 [info] [main] Using git "2.49.0" from "git"
2025-04-25 09:13:24.356 [info] [Model][doInitialScan] Initial repository scan started
2025-04-25 09:13:24.356 [info] > git rev-parse --show-toplevel [5ms]
2025-04-25 09:13:24.356 [info] fatal: not a git repository (or any of the parent directories): .git
2025-04-25 09:13:24.356 [info] [Model][doInitialScan] Initial repository scan completed - repositories (0), closed repositories (0), parent repositories (0), unsafe repositories (0)
2025-04-25 09:13:24.364 [info] > git rev-parse --show-toplevel [1ms]
2025-04-25 09:13:24.364 [info] fatal: not a git repository (or any of the parent directories): .git
2025-04-25 09:13:24.423 [info] > git rev-parse --show-toplevel [1ms]
2025-04-25 09:13:24.423 [info] fatal: not a git repository (or any of the parent directories): .git
2025-04-25 09:13:25.526 [info] > git rev-parse --show-toplevel [2ms]
2025-04-25 09:13:25.526 [info] fatal: not a git repository (or any of the parent directories): .git
2025-04-25 09:13:26.047 [info] > git rev-parse --show-toplevel [2ms]
2025-04-25 09:13:26.047 [info] fatal: not a git repository (or any of the parent directories): .git
